<?xml version="1.0" encoding="UTF-8"?>
<testng-results ignored="0" total="1" passed="1" failed="0" skipped="0">
  <reporter-output>
  </reporter-output>
  <suite started-at="2021-10-20T11:04:10 IST" name="Suite" finished-at="2021-10-20T11:04:49 IST" duration-ms="38588">
    <groups>
    </groups>
    <test started-at="2021-10-20T11:04:10 IST" name="Test" finished-at="2021-10-20T11:04:49 IST" duration-ms="38588">
      <class name="com.productsup.platform.tests.NavigationMenuOptionsTest">
        <test-method is-config="true" signature="setUp([Ljava.lang.Object;)[pri:0, instance:com.productsup.platform.tests.NavigationMenuOptionsTest@2c1b194a]" started-at="2021-10-20T11:04:11 IST" name="setUp" finished-at="2021-10-20T11:04:15 IST" duration-ms="4034" status="PASS">
          <params>
            <param index="0">
              <value>
                <![CDATA[[Ljava.lang.Object;@4cdd2c73]]>
              </value>
            </param>
          </params>
          <reporter-output>
          </reporter-output>
        </test-method> <!-- setUp -->
        <test-method signature="validatePlatformOptions(java.util.Map)[pri:0, instance:com.productsup.platform.tests.NavigationMenuOptionsTest@2c1b194a]" started-at="2021-10-20T11:04:15 IST" name="validatePlatformOptions" description="To validate various menu options available at different hirrearchies on the platfrom" data-provider="getData" finished-at="2021-10-20T11:04:49 IST" duration-ms="33234" status="PASS">
          <params>
            <param index="0">
              <value>
                <![CDATA[{Execute=yes, Site_Name=Fashion, TestCase=validatePlatformOptions, Platform_Hierrarchy=Site, Product_Attrribute=, Rule_Box=, Apply_Rulebox_At=, Dataview_Template=, Project_Name=Global Feeds, Browser=chrome}]]>
              </value>
            </param>
          </params>
          <reporter-output>
          </reporter-output>
        </test-method> <!-- validatePlatformOptions -->
        <test-method is-config="true" signature="tearDown()[pri:0, instance:com.productsup.platform.tests.NavigationMenuOptionsTest@2c1b194a]" started-at="2021-10-20T11:04:49 IST" name="tearDown" finished-at="2021-10-20T11:04:49 IST" duration-ms="296" status="PASS">
          <reporter-output>
          </reporter-output>
        </test-method> <!-- tearDown -->
      </class> <!-- com.productsup.platform.tests.NavigationMenuOptionsTest -->
    </test> <!-- Test -->
  </suite> <!-- Suite -->
</testng-results>
