<?xml version="1.0" encoding="UTF-8"?>
<testng-results ignored="0" total="1" passed="1" failed="0" skipped="0">
  <reporter-output>
  </reporter-output>
  <suite started-at="2021-10-20T04:15:41 IST" name="Suite" finished-at="2021-10-20T04:16:16 IST" duration-ms="35078">
    <groups>
    </groups>
    <test started-at="2021-10-20T04:15:41 IST" name="Test" finished-at="2021-10-20T04:16:16 IST" duration-ms="35078">
      <class name="com.productsup.platform.tests.PlatformOptionsTest">
        <test-method is-config="true" signature="setUp([Ljava.lang.Object;)[pri:0, instance:com.productsup.platform.tests.PlatformOptionsTest@729d991e]" started-at="2021-10-20T04:15:42 IST" name="setUp" finished-at="2021-10-20T04:15:44 IST" duration-ms="2854" status="PASS">
          <params>
            <param index="0">
              <value>
                <![CDATA[[Ljava.lang.Object;@5eb97ced]]>
              </value>
            </param>
          </params>
          <reporter-output>
          </reporter-output>
        </test-method> <!-- setUp -->
        <test-method signature="validatePlatformOptions(java.util.Map)[pri:0, instance:com.productsup.platform.tests.PlatformOptionsTest@729d991e]" started-at="2021-10-20T04:15:44 IST" name="validatePlatformOptions" description="To validate various menu options available at different hirrearchies on the platfrom" data-provider="getData" finished-at="2021-10-20T04:16:15 IST" duration-ms="30808" status="PASS">
          <params>
            <param index="0">
              <value>
                <![CDATA[{Execute=yes, Site_Name=Fashion, TestCase=validatePlatformOptions, Platform_Hierrarchy=Site, Product_Attrribute=, Rule_Box=, Apply_Rulebox_At=, Dataview_Template=, Project_Name=Global Feeds, Browser=chrome}]]>
              </value>
            </param>
          </params>
          <reporter-output>
          </reporter-output>
        </test-method> <!-- validatePlatformOptions -->
        <test-method is-config="true" signature="tearDown()[pri:0, instance:com.productsup.platform.tests.PlatformOptionsTest@729d991e]" started-at="2021-10-20T04:16:15 IST" name="tearDown" finished-at="2021-10-20T04:16:16 IST" duration-ms="329" status="PASS">
          <reporter-output>
          </reporter-output>
        </test-method> <!-- tearDown -->
      </class> <!-- com.productsup.platform.tests.PlatformOptionsTest -->
    </test> <!-- Test -->
  </suite> <!-- Suite -->
</testng-results>
